\BOOKMARK [0][-]{chapter.1}{\376\377\000I\000n\000t\000r\000o\000d\000u\000c\000t\000i\000o\000n}{}% 1
\BOOKMARK [1][-]{section.1.1}{\376\377\000A\000c\000k\000n\000o\000w\000l\000e\000d\000g\000e\000m\000e\000n\000t\000s}{chapter.1}% 2
\BOOKMARK [0][-]{chapter.2}{\376\377\000S\000y\000s\000t\000e\000m\000\040\000A\000r\000c\000h\000i\000t\000e\000c\000t\000u\000r\000e}{}% 3
\BOOKMARK [1][-]{section.2.1}{\376\377\000S\000h\000a\000r\000e\000d\000\040\000L\000i\000b\000r\000a\000r\000y}{chapter.2}% 4
\BOOKMARK [1][-]{section.2.2}{\376\377\000S\000t\000a\000t\000i\000c\000\040\000L\000i\000b\000r\000a\000r\000y}{chapter.2}% 5
\BOOKMARK [1][-]{section.2.3}{\376\377\000S\000y\000s\000t\000e\000m\000\040\000C\000a\000l\000l\000s}{chapter.2}% 6
\BOOKMARK [1][-]{section.2.4}{\376\377\000R\000e\000f\000e\000r\000e\000n\000c\000e\000s}{chapter.2}% 7
\BOOKMARK [0][-]{chapter.3}{\376\377\000W\000o\000r\000k\000i\000n\000g\000\040\000w\000i\000t\000h\000\040\000g\000l\000i\000b\000c}{}% 8
\BOOKMARK [1][-]{section.3.1}{\376\377\000I\000n\000t\000r\000o\000d\000u\000c\000t\000i\000o\000n}{chapter.3}% 9
\BOOKMARK [1][-]{section.3.2}{\376\377\000W\000h\000y\000\040\000t\000h\000i\000s\000\040\000c\000h\000a\000p\000t\000e\000r}{chapter.3}% 10
\BOOKMARK [1][-]{section.3.3}{\376\377\000W\000h\000a\000t\000\040\000i\000s\000\040\000g\000l\000i\000b\000c}{chapter.3}% 11
\BOOKMARK [1][-]{section.3.4}{\376\377\000D\000o\000w\000n\000l\000o\000a\000d\000,\000\040\000E\000x\000t\000r\000a\000c\000t\000\040\000a\000n\000d\000\040\000w\000a\000l\000k\000\040\000t\000h\000r\000o\000u\000g\000h\000\040\000g\000l\000i\000b\000c}{chapter.3}% 12
\BOOKMARK [1][-]{section.3.5}{\376\377\000D\000o\000w\000n\000l\000o\000a\000d\000\040\000a\000n\000d\000\040\000e\000x\000t\000r\000a\000c\000t\000\040\000g\000l\000i\000b\000c}{chapter.3}% 13
\BOOKMARK [1][-]{section.3.6}{\376\377\000W\000a\000l\000k\000t\000h\000r\000o\000u\000g\000h\000\040\000g\000l\000i\000b\000c}{chapter.3}% 14
\BOOKMARK [1][-]{section.3.7}{\376\377\000C\000o\000m\000p\000i\000l\000i\000n\000g\000\040\000t\000h\000e\000\040\000c\000o\000d\000e\000\040\000o\000f\000\040\000g\000l\000i\000b\000c}{chapter.3}% 15
\BOOKMARK [1][-]{section.3.8}{\376\377\000U\000s\000i\000n\000g\000\040\000t\000h\000e\000\040\000n\000e\000w\000\040\000l\000i\000b\000r\000a\000r\000y}{chapter.3}% 16
\BOOKMARK [1][-]{section.3.9}{\376\377\000C\000o\000n\000c\000l\000u\000s\000i\000o\000n}{chapter.3}% 17
\BOOKMARK [0][-]{chapter.4}{\376\377\000H\000o\000w\000\040\000I\000s\000\040\000a\000\040\000S\000y\000s\000t\000e\000m\000\040\000C\000a\000l\000l\000\040\000C\000a\000l\000l\000e\000d\000\040\000O\000n\000\040\000x\0008\0006\000\137\0006\0004\000\040\000a\000r\000c\000h\000i\000t\000e\000c\000t\000u\000r\000e\000\040\000f\000r\000o\000m\000\040\000U\000s\000e\000r\000\040\000S\000p\000a\000c\000e}{}% 18
\BOOKMARK [1][-]{section.4.1}{\376\377\000S\000e\000t\000t\000i\000n\000g\000\040\000U\000p\000\040\000A\000r\000g\000u\000e\000m\000e\000n\000t\000s}{chapter.4}% 19
\BOOKMARK [1][-]{section.4.2}{\376\377\000C\000a\000l\000l\000i\000n\000g\000\040\000t\000h\000e\000\040\000S\000y\000s\000t\000e\000m\000\040\000C\000a\000l\000l}{chapter.4}% 20
\BOOKMARK [1][-]{section.4.3}{\376\377\000R\000e\000t\000r\000i\000e\000v\000i\000n\000g\000\040\000t\000h\000e\000\040\000R\000e\000t\000u\000r\000n\000\040\000V\000a\000l\000u\000e}{chapter.4}% 21
\BOOKMARK [0][-]{chapter.5}{\376\377\000S\000e\000t\000t\000i\000n\000g\000\040\000U\000p\000\040\000A\000r\000g\000u\000m\000e\000n\000t\000s}{}% 22
\BOOKMARK [1][-]{section.5.1}{\376\377\000I\000n\000t\000r\000o\000d\000u\000c\000t\000i\000o\000n}{chapter.5}% 23
\BOOKMARK [1][-]{section.5.2}{\376\377\000W\000a\000l\000k\000\040\000t\000h\000r\000o\000u\000g\000h\000\040\000o\000p\000e\000n\000\040\000s\000y\000s\000t\000e\000m\000\040\000c\000a\000l\000l\000\040\000i\000n\000\040\000g\000l\000i\000b\000c}{chapter.5}% 24
\BOOKMARK [1][-]{section.5.3}{\376\377\000C\000h\000e\000c\000k\000\040\000A\000r\000g\000u\000e\000m\000e\000n\000t\000s\000\040\000U\000s\000i\000n\000g\000\040\000A\000\040\000D\000e\000b\000u\000g\000g\000e\000r}{chapter.5}% 25
\BOOKMARK [1][-]{section.5.4}{\376\377\000U\000s\000i\000n\000g\000\040\000p\000t\000r\000a\000c\000e\000\040\000t\000o\000\040\000s\000e\000e\000\040\000t\000h\000e\000\040\000v\000a\000r\000i\000a\000b\000l\000e\000s\000\040\000p\000a\000s\000s\000e\000d}{chapter.5}% 26
\BOOKMARK [0][-]{chapter.6}{\376\377\000S\000y\000s\000t\000e\000m\000\040\000C\000a\000l\000l\000\040\000I\000m\000p\000l\000e\000m\000e\000n\000t\000a\000t\000i\000o\000n\000\040\000I\000n\000\040\000t\000h\000e\000\040\000U\000s\000e\000r\000\040\000S\000p\000a\000c\000e}{}% 27
\BOOKMARK [0][-]{chapter.7}{\376\377\000C\000a\000l\000l\000i\000n\000g\000\040\000S\000y\000s\000t\000e\000m\000\040\000C\000a\000l\000l\000s}{}% 28
\BOOKMARK [1][-]{section.7.1}{\376\377\000G\000l\000i\000b\000c\000\040\000s\000y\000s\000c\000a\000l\000l\000\050\000\051\000\040\000i\000n\000t\000e\000r\000f\000a\000c\000e}{chapter.7}% 29
\BOOKMARK [1][-]{section.7.2}{\376\377\000A\000s\000s\000e\000m\000b\000l\000y\000\040\000I\000n\000s\000t\000r\000u\000c\000t\000i\000o\000n\000\040\000f\000o\000r\000\040\000c\000a\000l\000l\000i\000n\000g\000\040\000s\000y\000s\000t\000e\000m\000\040\000c\000a\000l\000l\000.}{chapter.7}% 30
\BOOKMARK [0][-]{chapter.8}{\376\377\000R\000e\000t\000u\000r\000n\000\040\000V\000a\000l\000u\000e\000s}{}% 31
\BOOKMARK [1][-]{section.8.1}{\376\377\000R\000e\000t\000u\000r\000n\000\040\000V\000a\000l\000u\000e\000\040\000S\000t\000a\000t\000u\000s\000\040\000i\000n\000\040\000t\000h\000e\000\040\000r\000e\000g\000i\000s\000t\000e\000r}{chapter.8}% 32
\BOOKMARK [1][-]{section.8.2}{\376\377\000C\000o\000n\000c\000l\000u\000s\000i\000o\000n}{chapter.8}% 33
\BOOKMARK [0][-]{chapter.9}{\376\377\000W\000a\000l\000k\000\040\000t\000h\000r\000o\000u\000g\000h\000\040\000w\000r\000i\000t\000e\000\040\000s\000y\000s\000t\000e\000m\000\040\000c\000a\000l\000l}{}% 34
\BOOKMARK [0][-]{chapter.10}{\376\377\000U\000s\000i\000n\000g\000\040\000p\000t\000r\000a\000c\000e\000\040\000s\000y\000s\000t\000e\000m\000\040\000c\000a\000l\000l\000\040\000t\000o\000\040\000s\000e\000e\000\040\000t\000h\000e\000\040\000v\000a\000r\000i\000a\000b\000l\000e\000s}{}% 35
\BOOKMARK [0][-]{chapter.11}{\376\377\000I\000n\000d\000i\000c\000e\000s\000\040\000a\000n\000d\000\040\000t\000a\000b\000l\000e\000s}{}% 36
